<?xml version="1.0" encoding="UTF-8"?>
<testsuite xmlns:xsi="http://www.w3.org/2001/XMLSchema-instance" xsi:noNamespaceSchemaLocation="https://maven.apache.org/surefire/maven-surefire-plugin/xsd/surefire-test-report.xsd" name="com.app.service2.impl.AppServiceImplTest" time="0" tests="3" errors="0" skipped="0" failures="2">
  <properties>
[...]
</properties>
  <testcase name="testIsValidPrimeNumberForFalse" classname="com.app.service2.impl.AppServiceImplTest" time="0"/>
  <testcase name="testIsValidMobileNumber" classname="com.app.service2.impl.AppServiceImplTest" time="0">
    <failure message="Not yet implemented" type="org.opentest4j.AssertionFailedError">org.opentest4j.AssertionFailedError: Not yet implemented
	at com.app.service2.impl.AppServiceImplTest.testIsValidMobileNumber(AppServiceImplTest.java:38)
</failure>
  </testcase>
  <testcase name="testIsValidPrimeNumberForTrue" classname="com.app.service2.impl.AppServiceImplTest" time="0">
    <failure message="expected: &lt;true&gt; but was: &lt;false&gt;" type="org.opentest4j.AssertionFailedError"><![CDATA[org.opentest4j.AssertionFailedError: expected: <true> but was: <false>
	at com.app.service2.impl.AppServiceImplTest.testIsValidPrimeNumberForTrue(AppServiceImplTest.java:28)
]]></failure>
  </testcase>
</testsuite>